2017-02-15 10:57:38,589 INFO  com.weisi.Client.frame.init.SwitchClient - 客户端启动成功getEndpoint = ssl -h 192.168.5.1 -p 8470 -t 10000
2017-02-15 10:57:38,590 INFO  com.weisi.Client.frame.init.SwitchClient - 客户端开启心跳---SwitchClient is begin heartbeat.
2017-02-15 10:57:38,591 INFO  com.weisi.Client.frame.init.SwitchClient - 客户端心跳结束---SwitchClient is end heartbeat.

2017-02-15 10:57:38,608 INFO  com.weisi.Client.frame.init.SwitchClient - 心跳结果---heartbeat result = true
2017-02-15 10:57:38,610 INFO  com.weisi.Client.frame.init.SwitchClient - 心跳成功
2017-02-15 10:57:48,591 INFO  com.weisi.Client.frame.init.SwitchClient - 客户端开启心跳---SwitchClient is begin heartbeat.
2017-02-15 10:57:48,593 INFO  com.weisi.Client.frame.init.SwitchClient - 客户端心跳结束---SwitchClient is end heartbeat.

2017-02-15 10:57:48,602 INFO  com.weisi.Client.service.ice.impl.SwitchCallbackI - 服务端回调客户端--发送String消息--sendMsg() msg = 客户端注册结束后  回调客户端 test msg.
2017-02-15 10:57:48,615 INFO  com.weisi.Client.frame.init.SwitchClient - 心跳结果---heartbeat result = true
2017-02-15 10:57:48,616 INFO  com.weisi.Client.frame.init.SwitchClient - 心跳成功
2017-02-15 10:57:58,594 INFO  com.weisi.Client.frame.init.SwitchClient - 客户端开启心跳---SwitchClient is begin heartbeat.
2017-02-15 10:57:58,595 INFO  com.weisi.Client.frame.init.SwitchClient - 客户端心跳结束---SwitchClient is end heartbeat.

2017-02-15 10:57:58,603 INFO  com.weisi.Client.service.ice.impl.SwitchCallbackI - 服务端回调客户端--发送String消息--sendMsg() msg = 客户端注册结束后  回调客户端 test msg.
2017-02-15 10:57:58,610 INFO  com.weisi.Client.frame.init.SwitchClient - 心跳结果---heartbeat result = true
2017-02-15 10:57:58,611 INFO  com.weisi.Client.frame.init.SwitchClient - 心跳成功
2017-02-15 10:58:08,595 INFO  com.weisi.Client.frame.init.SwitchClient - 客户端开启心跳---SwitchClient is begin heartbeat.
2017-02-15 10:58:08,596 INFO  com.weisi.Client.frame.init.SwitchClient - 客户端心跳结束---SwitchClient is end heartbeat.

2017-02-15 10:58:08,602 INFO  com.weisi.Client.service.ice.impl.SwitchCallbackI - 服务端回调客户端--发送String消息--sendMsg() msg = 客户端注册结束后  回调客户端 test msg.
2017-02-15 10:58:08,606 INFO  com.weisi.Client.frame.init.SwitchClient - 心跳结果---heartbeat result = true
2017-02-15 10:58:08,606 INFO  com.weisi.Client.frame.init.SwitchClient - 心跳成功
2017-02-15 10:58:18,599 INFO  com.weisi.Client.frame.init.SwitchClient - 客户端开启心跳---SwitchClient is begin heartbeat.
2017-02-15 10:58:18,599 INFO  com.weisi.Client.frame.init.SwitchClient - 客户端心跳结束---SwitchClient is end heartbeat.

2017-02-15 10:58:18,602 INFO  com.weisi.Client.service.ice.impl.SwitchCallbackI - 服务端回调客户端--发送String消息--sendMsg() msg = 客户端注册结束后  回调客户端 test msg.
2017-02-15 10:58:18,605 INFO  com.weisi.Client.frame.init.SwitchClient - 心跳结果---heartbeat result = true
2017-02-15 10:58:18,605 INFO  com.weisi.Client.frame.init.SwitchClient - 心跳成功
2017-02-15 10:58:28,600 INFO  com.weisi.Client.frame.init.SwitchClient - 客户端开启心跳---SwitchClient is begin heartbeat.
2017-02-15 10:58:28,601 INFO  com.weisi.Client.frame.init.SwitchClient - 客户端心跳结束---SwitchClient is end heartbeat.

2017-02-15 10:58:28,605 INFO  com.weisi.Client.service.ice.impl.SwitchCallbackI - 服务端回调客户端--发送String消息--sendMsg() msg = 客户端注册结束后  回调客户端 test msg.
2017-02-15 10:58:28,609 INFO  com.weisi.Client.frame.init.SwitchClient - 心跳结果---heartbeat result = true
2017-02-15 10:58:28,609 INFO  com.weisi.Client.frame.init.SwitchClient - 心跳成功
